Hmm ... looks like a package

This is pdfTeX, Version 3.14159265-2.6-1.40.20 (TeX Live 2019) (preloaded format=pdflatex)
 restricted \write18 enabled.
entering extended mode
LaTeX2e <2018-12-01>

(./Rd2.tex
(/usr/local/texlive/2019/texmf-dist/tex/latex/base/book.cls
Document Class: book 2018/09/03 v1.4i Standard LaTeX document class
(/usr/local/texlive/2019/texmf-dist/tex/latex/base/bk10.clo))
(/Library/Frameworks/R.framework/Resources/share/texmf/tex/latex/Rd.sty
(/usr/local/texlive/2019/texmf-dist/tex/latex/base/ifthen.sty)
(/usr/local/texlive/2019/texmf-dist/tex/latex/tools/longtable.sty)
(/usr/local/texlive/2019/texmf-dist/tex/latex/tools/bm.sty)
(/usr/local/texlive/2019/texmf-dist/tex/latex/base/alltt.sty)
(/usr/local/texlive/2019/texmf-dist/tex/latex/tools/verbatim.sty)
(/usr/local/texlive/2019/texmf-dist/tex/latex/url/url.sty)
(/usr/local/texlive/2019/texmf-dist/tex/latex/base/textcomp.sty
(/usr/local/texlive/2019/texmf-dist/tex/latex/base/ts1enc.def
(/usr/local/texlive/2019/texmf-dist/tex/latex/base/ts1enc.dfu)))
(/usr/local/texlive/2019/texmf-dist/tex/latex/base/fontenc.sty
(/usr/local/texlive/2019/texmf-dist/tex/latex/base/t1enc.def))
(/usr/local/texlive/2019/texmf-dist/tex/latex/psnfss/times.sty)
(/usr/local/texlive/2019/texmf-dist/tex/latex/inconsolata/zi4.sty
`inconsolata-zi4' v1.112, 2017/01/04 Text macros for Inconsolata (msharpe)
(/usr/local/texlive/2019/texmf-dist/tex/latex/xkeyval/xkeyval.sty
(/usr/local/texlive/2019/texmf-dist/tex/generic/xkeyval/xkeyval.tex
(/usr/local/texlive/2019/texmf-dist/tex/generic/xkeyval/xkvutils.tex
(/usr/local/texlive/2019/texmf-dist/tex/generic/xkeyval/keyval.tex)))))
(/usr/local/texlive/2019/texmf-dist/tex/latex/graphics/color.sty
(/usr/local/texlive/2019/texmf-dist/tex/latex/graphics-cfg/color.cfg)
(/usr/local/texlive/2019/texmf-dist/tex/latex/graphics-def/pdftex.def))
(/usr/local/texlive/2019/texmf-dist/tex/latex/hyperref/hyperref.sty
(/usr/local/texlive/2019/texmf-dist/tex/generic/oberdiek/hobsub-hyperref.sty
(/usr/local/texlive/2019/texmf-dist/tex/generic/oberdiek/hobsub-generic.sty))
(/usr/local/texlive/2019/texmf-dist/tex/generic/ifxetex/ifxetex.sty)
(/usr/local/texlive/2019/texmf-dist/tex/latex/oberdiek/auxhook.sty)
(/usr/local/texlive/2019/texmf-dist/tex/latex/oberdiek/kvoptions.sty)
(/usr/local/texlive/2019/texmf-dist/tex/latex/hyperref/pd1enc.def)
(/usr/local/texlive/2019/texmf-dist/tex/latex/latexconfig/hyperref.cfg))
(/usr/local/texlive/2019/texmf-dist/tex/latex/hyperref/hpdftex.def
(/usr/local/texlive/2019/texmf-dist/tex/latex/oberdiek/rerunfilecheck.sty))

Package hyperref Warning: Option `hyperindex' has already been used,
(hyperref)                setting the option has no effect on input line 377.


Package hyperref Warning: Option `pagebackref' has already been used,
(hyperref)                setting the option has no effect on input line 377.

) (/usr/local/texlive/2019/texmf-dist/tex/latex/base/makeidx.sty)
(/usr/local/texlive/2019/texmf-dist/tex/latex/base/inputenc.sty)
Writing index file Rd2.idx
No file Rd2.aux.
(/usr/local/texlive/2019/texmf-dist/tex/latex/base/ts1cmr.fd)
(/usr/local/texlive/2019/texmf-dist/tex/latex/psnfss/t1ptm.fd)
(/usr/local/texlive/2019/texmf-dist/tex/context/base/mkii/supp-pdf.mkii
[Loading MPS to PDF converter (version 2006.09.02).]
) (/usr/local/texlive/2019/texmf-dist/tex/latex/hyperref/nameref.sty
(/usr/local/texlive/2019/texmf-dist/tex/generic/oberdiek/gettitlestring.sty))
(/usr/local/texlive/2019/texmf-dist/tex/latex/psnfss/ts1ptm.fd)
(/usr/local/texlive/2019/texmf-dist/tex/latex/inconsolata/t1zi4.fd)
(/usr/local/texlive/2019/texmf-dist/tex/latex/psnfss/t1phv.fd) [1{/usr/local/te
xlive/2019/texmf-var/fonts/map/pdftex/updmap/pdftex.map}]
(/usr/local/texlive/2019/texmf-dist/tex/latex/inconsolata/ts1zi4.fd)
Overfull \hbox (9.73488pt too wide) in paragraph at lines 89--89
 []\T1/zi4/m/n/9 fit.npmc.CX <- try(npcs(x, y, algorithm = "CX", classifier = "
logistic", w = w, alpha = alpha))[] 

Overfull \hbox (5.23488pt too wide) in paragraph at lines 90--90
 []\T1/zi4/m/n/9 fit.npmc.ER <- try(npcs(x, y, algorithm = "ER", classifier = "
logistic", w = w, alpha = alpha,[] 
[2]
Underfull \hbox (badness 10000) in paragraph at lines 108--108
[]\T1/ptm/m/it/10 Gamma-synthetic mi-nor-ity over-sampling tech-nique (gamma-
[3]
Overfull \hbox (9.73488pt too wide) in paragraph at lines 166--166
 []\T1/zi4/m/n/9 fit.npmc.CX <- try(npcs(x, y, algorithm = "CX", classifier = "
logistic", w = w, alpha = alpha))[] 

Overfull \hbox (5.23488pt too wide) in paragraph at lines 167--167
 []\T1/zi4/m/n/9 fit.npmc.ER <- try(npcs(x, y, algorithm = "ER", classifier = "
logistic", w = w, alpha = alpha,[] 

Overfull \hbox (27.74408pt too wide) in paragraph at lines 185--185
 []\T1/zi4/m/n/9 ## try NPMC-CX, NPMC-ER based on multinomial logistic regressi
on, and vanilla multinomial logistic[] 

Overfull \hbox (9.73488pt too wide) in paragraph at lines 187--187
 []\T1/zi4/m/n/9 fit.npmc.CX <- try(npcs(x, y, algorithm = "CX", classifier = "
logistic", w = w, alpha = alpha))[] 

Overfull \hbox (5.23488pt too wide) in paragraph at lines 188--188
 []\T1/zi4/m/n/9 fit.npmc.ER <- try(npcs(x, y, algorithm = "ER", classifier = "
logistic", w = w, alpha = alpha,[] 
[4] [5]
Overfull \hbox (18.08014pt too wide) in paragraph at lines 262--262
 []  \T1/zi4/m/n/10 classifier = c("logistic", "knn", "randomforest", "tree", "
neuralnet", "svm", "lda",[] 

Overfull \hbox (6.54715pt too wide) in paragraph at lines 288--289
[]\T1/ptm/m/n/10 logistic: multi-no-mial lo-gis-tic re-gres-sion, which is im-p
le-mented via [][]\T1/zi4/m/n/10 multinom[][][]

Overfull \hbox (5.31715pt too wide) in paragraph at lines 297--298
[]\T1/ptm/m/n/10 nnb: naive Bayes clas-si-fier with non-parametric-estimated ma
rginals (kernel-
[6] [7]
Overfull \hbox (9.73488pt too wide) in paragraph at lines 367--367
 []\T1/zi4/m/n/9 fit.npmc.CX <- try(npcs(x, y, algorithm = "CX", classifier = "
logistic", w = w, alpha = alpha))[] 

Overfull \hbox (5.23488pt too wide) in paragraph at lines 368--368
 []\T1/zi4/m/n/9 fit.npmc.ER <- try(npcs(x, y, algorithm = "ER", classifier = "
logistic", w = w, alpha = alpha,[] 
[8]
No file Rd2.ind.
[9]
(/private/var/folders/br/__1r79tx5q17n3l5pb8w688c0000gn/T/Rtmp6rLNBw/Rd2pdf38bc
6b25a463/Rd2.aux)

Package rerunfilecheck Warning: File `Rd2.out' has changed.
(rerunfilecheck)                Rerun to get outlines right
(rerunfilecheck)                or use package `bookmark'.

 )
(see the transcript file for additional information)pdfTeX warning (dest): name
{Rfn.nmkb} has been referenced but does not exist, replaced by a fixed one

pdfTeX warning (dest): name{Rfn.hjkb} has been referenced but does not exist, r
eplaced by a fixed one

pdfTeX warning (dest): name{Rfn.nonparametric.Rul.naive.Rul.bayes} has been ref
erenced but does not exist, replaced by a fixed one

pdfTeX warning (dest): name{Rfn.naiveBayes} has been referenced but does not ex
ist, replaced by a fixed one

pdfTeX warning (dest): name{Rfn.qda} has been referenced but does not exist, re
placed by a fixed one

pdfTeX warning (dest): name{Rfn.lda} has been referenced but does not exist, re
placed by a fixed one

pdfTeX warning (dest): name{Rfn.svm} has been referenced but does not exist, re
placed by a fixed one

pdfTeX warning (dest): name{Rfn.nnet} has been referenced but does not exist, r
eplaced by a fixed one

pdfTeX warning (dest): name{Rfn.rpart} has been referenced but does not exist, 
replaced by a fixed one

pdfTeX warning (dest): name{Rfn.randomForest} has been referenced but does not 
exist, replaced by a fixed one

pdfTeX warning (dest): name{Rfn.knn3} has been referenced but does not exist, r
eplaced by a fixed one

pdfTeX warning (dest): name{Rfn.multinom} has been referenced but does not exis
t, replaced by a fixed one

{/usr/local/texlive/2019/texmf-dist/fonts/enc/dvips/inconsolata/i4-ts1.enc}{/us
r/local/texlive/2019/texmf-dist/fonts/enc/dvips/base/8r.enc}{/usr/local/texlive
/2019/texmf-dist/fonts/enc/dvips/inconsolata/i4-t1-0.enc}</usr/local/texlive/20
19/texmf-dist/fonts/type1/public/inconsolata/Inconsolata-zi4r.pfb></usr/local/t
exlive/2019/texmf-dist/fonts/type1/urw/helvetic/uhvr8a.pfb></usr/local/texlive/
2019/texmf-dist/fonts/type1/urw/times/utmb8a.pfb></usr/local/texlive/2019/texmf
-dist/fonts/type1/urw/times/utmr8a.pfb></usr/local/texlive/2019/texmf-dist/font
s/type1/urw/times/utmr8a.pfb></usr/local/texlive/2019/texmf-dist/fonts/type1/ur
w/times/utmri8a.pfb>
Output written on Rd2.pdf (9 pages, 99115 bytes).
Transcript written on Rd2.log.
This is pdfTeX, Version 3.14159265-2.6-1.40.20 (TeX Live 2019) (preloaded format=pdflatex)
 restricted \write18 enabled.
entering extended mode
LaTeX2e <2018-12-01>

(./Rd2.tex
(/usr/local/texlive/2019/texmf-dist/tex/latex/base/book.cls
Document Class: book 2018/09/03 v1.4i Standard LaTeX document class
(/usr/local/texlive/2019/texmf-dist/tex/latex/base/bk10.clo))
(/Library/Frameworks/R.framework/Resources/share/texmf/tex/latex/Rd.sty
(/usr/local/texlive/2019/texmf-dist/tex/latex/base/ifthen.sty)
(/usr/local/texlive/2019/texmf-dist/tex/latex/tools/longtable.sty)
(/usr/local/texlive/2019/texmf-dist/tex/latex/tools/bm.sty)
(/usr/local/texlive/2019/texmf-dist/tex/latex/base/alltt.sty)
(/usr/local/texlive/2019/texmf-dist/tex/latex/tools/verbatim.sty)
(/usr/local/texlive/2019/texmf-dist/tex/latex/url/url.sty)
(/usr/local/texlive/2019/texmf-dist/tex/latex/base/textcomp.sty
(/usr/local/texlive/2019/texmf-dist/tex/latex/base/ts1enc.def
(/usr/local/texlive/2019/texmf-dist/tex/latex/base/ts1enc.dfu)))
(/usr/local/texlive/2019/texmf-dist/tex/latex/base/fontenc.sty
(/usr/local/texlive/2019/texmf-dist/tex/latex/base/t1enc.def))
(/usr/local/texlive/2019/texmf-dist/tex/latex/psnfss/times.sty)
(/usr/local/texlive/2019/texmf-dist/tex/latex/inconsolata/zi4.sty
`inconsolata-zi4' v1.112, 2017/01/04 Text macros for Inconsolata (msharpe)
(/usr/local/texlive/2019/texmf-dist/tex/latex/xkeyval/xkeyval.sty
(/usr/local/texlive/2019/texmf-dist/tex/generic/xkeyval/xkeyval.tex
(/usr/local/texlive/2019/texmf-dist/tex/generic/xkeyval/xkvutils.tex
(/usr/local/texlive/2019/texmf-dist/tex/generic/xkeyval/keyval.tex)))))
(/usr/local/texlive/2019/texmf-dist/tex/latex/graphics/color.sty
(/usr/local/texlive/2019/texmf-dist/tex/latex/graphics-cfg/color.cfg)
(/usr/local/texlive/2019/texmf-dist/tex/latex/graphics-def/pdftex.def))
(/usr/local/texlive/2019/texmf-dist/tex/latex/hyperref/hyperref.sty
(/usr/local/texlive/2019/texmf-dist/tex/generic/oberdiek/hobsub-hyperref.sty
(/usr/local/texlive/2019/texmf-dist/tex/generic/oberdiek/hobsub-generic.sty))
(/usr/local/texlive/2019/texmf-dist/tex/generic/ifxetex/ifxetex.sty)
(/usr/local/texlive/2019/texmf-dist/tex/latex/oberdiek/auxhook.sty)
(/usr/local/texlive/2019/texmf-dist/tex/latex/oberdiek/kvoptions.sty)
(/usr/local/texlive/2019/texmf-dist/tex/latex/hyperref/pd1enc.def)
(/usr/local/texlive/2019/texmf-dist/tex/latex/latexconfig/hyperref.cfg))
(/usr/local/texlive/2019/texmf-dist/tex/latex/hyperref/hpdftex.def
(/usr/local/texlive/2019/texmf-dist/tex/latex/oberdiek/rerunfilecheck.sty))

Package hyperref Warning: Option `hyperindex' has already been used,
(hyperref)                setting the option has no effect on input line 377.


Package hyperref Warning: Option `pagebackref' has already been used,
(hyperref)                setting the option has no effect on input line 377.

) (/usr/local/texlive/2019/texmf-dist/tex/latex/base/makeidx.sty)
(/usr/local/texlive/2019/texmf-dist/tex/latex/base/inputenc.sty)
Writing index file Rd2.idx

(/private/var/folders/br/__1r79tx5q17n3l5pb8w688c0000gn/T/Rtmp6rLNBw/Rd2pdf38bc
6b25a463/Rd2.aux) (/usr/local/texlive/2019/texmf-dist/tex/latex/base/ts1cmr.fd)
(/usr/local/texlive/2019/texmf-dist/tex/latex/psnfss/t1ptm.fd)
(/usr/local/texlive/2019/texmf-dist/tex/context/base/mkii/supp-pdf.mkii
[Loading MPS to PDF converter (version 2006.09.02).]
) (/usr/local/texlive/2019/texmf-dist/tex/latex/hyperref/nameref.sty
(/usr/local/texlive/2019/texmf-dist/tex/generic/oberdiek/gettitlestring.sty))
(/private/var/folders/br/__1r79tx5q17n3l5pb8w688c0000gn/T/Rtmp6rLNBw/Rd2pdf38bc
6b25a463/Rd2.out)
(/private/var/folders/br/__1r79tx5q17n3l5pb8w688c0000gn/T/Rtmp6rLNBw/Rd2pdf38bc
6b25a463/Rd2.out)
(/usr/local/texlive/2019/texmf-dist/tex/latex/psnfss/ts1ptm.fd)
(/usr/local/texlive/2019/texmf-dist/tex/latex/inconsolata/t1zi4.fd)
(/usr/local/texlive/2019/texmf-dist/tex/latex/psnfss/t1phv.fd)
(/private/var/folders/br/__1r79tx5q17n3l5pb8w688c0000gn/T/Rtmp6rLNBw/Rd2pdf38bc
6b25a463/Rd2.toc) [1{/usr/local/texlive/2019/texmf-var/fonts/map/pdftex/updmap/
pdftex.map}]
(/usr/local/texlive/2019/texmf-dist/tex/latex/inconsolata/ts1zi4.fd)
Overfull \hbox (9.73488pt too wide) in paragraph at lines 89--89
 []\T1/zi4/m/n/9 fit.npmc.CX <- try(npcs(x, y, algorithm = "CX", classifier = "
logistic", w = w, alpha = alpha))[] 

Overfull \hbox (5.23488pt too wide) in paragraph at lines 90--90
 []\T1/zi4/m/n/9 fit.npmc.ER <- try(npcs(x, y, algorithm = "ER", classifier = "
logistic", w = w, alpha = alpha,[] 
[2]
Underfull \hbox (badness 10000) in paragraph at lines 108--108
[]\T1/ptm/m/it/10 Gamma-synthetic mi-nor-ity over-sampling tech-nique (gamma-
[3]
Overfull \hbox (9.73488pt too wide) in paragraph at lines 166--166
 []\T1/zi4/m/n/9 fit.npmc.CX <- try(npcs(x, y, algorithm = "CX", classifier = "
logistic", w = w, alpha = alpha))[] 

Overfull \hbox (5.23488pt too wide) in paragraph at lines 167--167
 []\T1/zi4/m/n/9 fit.npmc.ER <- try(npcs(x, y, algorithm = "ER", classifier = "
logistic", w = w, alpha = alpha,[] 

Overfull \hbox (27.74408pt too wide) in paragraph at lines 185--185
 []\T1/zi4/m/n/9 ## try NPMC-CX, NPMC-ER based on multinomial logistic regressi
on, and vanilla multinomial logistic[] 

Overfull \hbox (9.73488pt too wide) in paragraph at lines 187--187
 []\T1/zi4/m/n/9 fit.npmc.CX <- try(npcs(x, y, algorithm = "CX", classifier = "
logistic", w = w, alpha = alpha))[] 

Overfull \hbox (5.23488pt too wide) in paragraph at lines 188--188
 []\T1/zi4/m/n/9 fit.npmc.ER <- try(npcs(x, y, algorithm = "ER", classifier = "
logistic", w = w, alpha = alpha,[] 
[4] [5]
Overfull \hbox (18.08014pt too wide) in paragraph at lines 262--262
 []  \T1/zi4/m/n/10 classifier = c("logistic", "knn", "randomforest", "tree", "
neuralnet", "svm", "lda",[] 

Overfull \hbox (6.54715pt too wide) in paragraph at lines 288--289
[]\T1/ptm/m/n/10 logistic: multi-no-mial lo-gis-tic re-gres-sion, which is im-p
le-mented via [][]\T1/zi4/m/n/10 multinom[][][]
[6]
Overfull \hbox (5.31715pt too wide) in paragraph at lines 297--298
[]\T1/ptm/m/n/10 nnb: naive Bayes clas-si-fier with non-parametric-estimated ma
rginals (kernel-
[7]
Overfull \hbox (9.73488pt too wide) in paragraph at lines 367--367
 []\T1/zi4/m/n/9 fit.npmc.CX <- try(npcs(x, y, algorithm = "CX", classifier = "
logistic", w = w, alpha = alpha))[] 

Overfull \hbox (5.23488pt too wide) in paragraph at lines 368--368
 []\T1/zi4/m/n/9 fit.npmc.ER <- try(npcs(x, y, algorithm = "ER", classifier = "
logistic", w = w, alpha = alpha,[] 
[8]
No file Rd2.ind.
[9]
(/private/var/folders/br/__1r79tx5q17n3l5pb8w688c0000gn/T/Rtmp6rLNBw/Rd2pdf38bc
6b25a463/Rd2.aux) )
(see the transcript file for additional information)pdfTeX warning (dest): name
{Rfn.nmkb} has been referenced but does not exist, replaced by a fixed one

pdfTeX warning (dest): name{Rfn.hjkb} has been referenced but does not exist, r
eplaced by a fixed one

pdfTeX warning (dest): name{Rfn.nonparametric.Rul.naive.Rul.bayes} has been ref
erenced but does not exist, replaced by a fixed one

pdfTeX warning (dest): name{Rfn.naiveBayes} has been referenced but does not ex
ist, replaced by a fixed one

pdfTeX warning (dest): name{Rfn.qda} has been referenced but does not exist, re
placed by a fixed one

pdfTeX warning (dest): name{Rfn.lda} has been referenced but does not exist, re
placed by a fixed one

pdfTeX warning (dest): name{Rfn.svm} has been referenced but does not exist, re
placed by a fixed one

pdfTeX warning (dest): name{Rfn.nnet} has been referenced but does not exist, r
eplaced by a fixed one

pdfTeX warning (dest): name{Rfn.rpart} has been referenced but does not exist, 
replaced by a fixed one

pdfTeX warning (dest): name{Rfn.randomForest} has been referenced but does not 
exist, replaced by a fixed one

pdfTeX warning (dest): name{Rfn.knn3} has been referenced but does not exist, r
eplaced by a fixed one

pdfTeX warning (dest): name{Rfn.multinom} has been referenced but does not exis
t, replaced by a fixed one

{/usr/local/texlive/2019/texmf-dist/fonts/enc/dvips/inconsolata/i4-ts1.enc}{/us
r/local/texlive/2019/texmf-dist/fonts/enc/dvips/base/8r.enc}{/usr/local/texlive
/2019/texmf-dist/fonts/enc/dvips/inconsolata/i4-t1-0.enc}</usr/local/texlive/20
19/texmf-dist/fonts/type1/public/inconsolata/Inconsolata-zi4r.pfb></usr/local/t
exlive/2019/texmf-dist/fonts/type1/urw/helvetic/uhvr8a.pfb></usr/local/texlive/
2019/texmf-dist/fonts/type1/urw/times/utmb8a.pfb></usr/local/texlive/2019/texmf
-dist/fonts/type1/urw/times/utmr8a.pfb></usr/local/texlive/2019/texmf-dist/font
s/type1/urw/times/utmr8a.pfb></usr/local/texlive/2019/texmf-dist/fonts/type1/ur
w/times/utmri8a.pfb>
Output written on Rd2.pdf (9 pages, 100133 bytes).
Transcript written on Rd2.log.
This is makeindex, version 2.15 [TeX Live 2019] (kpathsea + Thai support).
Scanning input file Rd2.idx....done (39 entries accepted, 0 rejected).
Sorting entries....done (218 comparisons).
Generating output file Rd2.ind....done (62 lines written, 0 warnings).
Output written in Rd2.ind.
Transcript written in Rd2.ilg.
This is pdfTeX, Version 3.14159265-2.6-1.40.20 (TeX Live 2019) (preloaded format=pdflatex)
 restricted \write18 enabled.
entering extended mode
LaTeX2e <2018-12-01>

(./Rd2.tex
(/usr/local/texlive/2019/texmf-dist/tex/latex/base/book.cls
Document Class: book 2018/09/03 v1.4i Standard LaTeX document class
(/usr/local/texlive/2019/texmf-dist/tex/latex/base/bk10.clo))
(/Library/Frameworks/R.framework/Resources/share/texmf/tex/latex/Rd.sty
(/usr/local/texlive/2019/texmf-dist/tex/latex/base/ifthen.sty)
(/usr/local/texlive/2019/texmf-dist/tex/latex/tools/longtable.sty)
(/usr/local/texlive/2019/texmf-dist/tex/latex/tools/bm.sty)
(/usr/local/texlive/2019/texmf-dist/tex/latex/base/alltt.sty)
(/usr/local/texlive/2019/texmf-dist/tex/latex/tools/verbatim.sty)
(/usr/local/texlive/2019/texmf-dist/tex/latex/url/url.sty)
(/usr/local/texlive/2019/texmf-dist/tex/latex/base/textcomp.sty
(/usr/local/texlive/2019/texmf-dist/tex/latex/base/ts1enc.def
(/usr/local/texlive/2019/texmf-dist/tex/latex/base/ts1enc.dfu)))
(/usr/local/texlive/2019/texmf-dist/tex/latex/base/fontenc.sty
(/usr/local/texlive/2019/texmf-dist/tex/latex/base/t1enc.def))
(/usr/local/texlive/2019/texmf-dist/tex/latex/psnfss/times.sty)
(/usr/local/texlive/2019/texmf-dist/tex/latex/inconsolata/zi4.sty
`inconsolata-zi4' v1.112, 2017/01/04 Text macros for Inconsolata (msharpe)
(/usr/local/texlive/2019/texmf-dist/tex/latex/xkeyval/xkeyval.sty
(/usr/local/texlive/2019/texmf-dist/tex/generic/xkeyval/xkeyval.tex
(/usr/local/texlive/2019/texmf-dist/tex/generic/xkeyval/xkvutils.tex
(/usr/local/texlive/2019/texmf-dist/tex/generic/xkeyval/keyval.tex)))))
(/usr/local/texlive/2019/texmf-dist/tex/latex/graphics/color.sty
(/usr/local/texlive/2019/texmf-dist/tex/latex/graphics-cfg/color.cfg)
(/usr/local/texlive/2019/texmf-dist/tex/latex/graphics-def/pdftex.def))
(/usr/local/texlive/2019/texmf-dist/tex/latex/hyperref/hyperref.sty
(/usr/local/texlive/2019/texmf-dist/tex/generic/oberdiek/hobsub-hyperref.sty
(/usr/local/texlive/2019/texmf-dist/tex/generic/oberdiek/hobsub-generic.sty))
(/usr/local/texlive/2019/texmf-dist/tex/generic/ifxetex/ifxetex.sty)
(/usr/local/texlive/2019/texmf-dist/tex/latex/oberdiek/auxhook.sty)
(/usr/local/texlive/2019/texmf-dist/tex/latex/oberdiek/kvoptions.sty)
(/usr/local/texlive/2019/texmf-dist/tex/latex/hyperref/pd1enc.def)
(/usr/local/texlive/2019/texmf-dist/tex/latex/latexconfig/hyperref.cfg))
(/usr/local/texlive/2019/texmf-dist/tex/latex/hyperref/hpdftex.def
(/usr/local/texlive/2019/texmf-dist/tex/latex/oberdiek/rerunfilecheck.sty))

Package hyperref Warning: Option `hyperindex' has already been used,
(hyperref)                setting the option has no effect on input line 377.


Package hyperref Warning: Option `pagebackref' has already been used,
(hyperref)                setting the option has no effect on input line 377.

) (/usr/local/texlive/2019/texmf-dist/tex/latex/base/makeidx.sty)
(/usr/local/texlive/2019/texmf-dist/tex/latex/base/inputenc.sty)
Writing index file Rd2.idx

(/private/var/folders/br/__1r79tx5q17n3l5pb8w688c0000gn/T/Rtmp6rLNBw/Rd2pdf38bc
6b25a463/Rd2.aux) (/usr/local/texlive/2019/texmf-dist/tex/latex/base/ts1cmr.fd)
(/usr/local/texlive/2019/texmf-dist/tex/latex/psnfss/t1ptm.fd)
(/usr/local/texlive/2019/texmf-dist/tex/context/base/mkii/supp-pdf.mkii
[Loading MPS to PDF converter (version 2006.09.02).]
) (/usr/local/texlive/2019/texmf-dist/tex/latex/hyperref/nameref.sty
(/usr/local/texlive/2019/texmf-dist/tex/generic/oberdiek/gettitlestring.sty))
(/private/var/folders/br/__1r79tx5q17n3l5pb8w688c0000gn/T/Rtmp6rLNBw/Rd2pdf38bc
6b25a463/Rd2.out)
(/private/var/folders/br/__1r79tx5q17n3l5pb8w688c0000gn/T/Rtmp6rLNBw/Rd2pdf38bc
6b25a463/Rd2.out)
(/usr/local/texlive/2019/texmf-dist/tex/latex/psnfss/ts1ptm.fd)
(/usr/local/texlive/2019/texmf-dist/tex/latex/inconsolata/t1zi4.fd)
(/usr/local/texlive/2019/texmf-dist/tex/latex/psnfss/t1phv.fd)
(/private/var/folders/br/__1r79tx5q17n3l5pb8w688c0000gn/T/Rtmp6rLNBw/Rd2pdf38bc
6b25a463/Rd2.toc) [1{/usr/local/texlive/2019/texmf-var/fonts/map/pdftex/updmap/
pdftex.map}]
(/usr/local/texlive/2019/texmf-dist/tex/latex/inconsolata/ts1zi4.fd)
Overfull \hbox (9.73488pt too wide) in paragraph at lines 89--89
 []\T1/zi4/m/n/9 fit.npmc.CX <- try(npcs(x, y, algorithm = "CX", classifier = "
logistic", w = w, alpha = alpha))[] 

Overfull \hbox (5.23488pt too wide) in paragraph at lines 90--90
 []\T1/zi4/m/n/9 fit.npmc.ER <- try(npcs(x, y, algorithm = "ER", classifier = "
logistic", w = w, alpha = alpha,[] 
[2]
Underfull \hbox (badness 10000) in paragraph at lines 108--108
[]\T1/ptm/m/it/10 Gamma-synthetic mi-nor-ity over-sampling tech-nique (gamma-
[3]
Overfull \hbox (9.73488pt too wide) in paragraph at lines 166--166
 []\T1/zi4/m/n/9 fit.npmc.CX <- try(npcs(x, y, algorithm = "CX", classifier = "
logistic", w = w, alpha = alpha))[] 

Overfull \hbox (5.23488pt too wide) in paragraph at lines 167--167
 []\T1/zi4/m/n/9 fit.npmc.ER <- try(npcs(x, y, algorithm = "ER", classifier = "
logistic", w = w, alpha = alpha,[] 

Overfull \hbox (27.74408pt too wide) in paragraph at lines 185--185
 []\T1/zi4/m/n/9 ## try NPMC-CX, NPMC-ER based on multinomial logistic regressi
on, and vanilla multinomial logistic[] 

Overfull \hbox (9.73488pt too wide) in paragraph at lines 187--187
 []\T1/zi4/m/n/9 fit.npmc.CX <- try(npcs(x, y, algorithm = "CX", classifier = "
logistic", w = w, alpha = alpha))[] 

Overfull \hbox (5.23488pt too wide) in paragraph at lines 188--188
 []\T1/zi4/m/n/9 fit.npmc.ER <- try(npcs(x, y, algorithm = "ER", classifier = "
logistic", w = w, alpha = alpha,[] 
[4] [5]
Overfull \hbox (18.08014pt too wide) in paragraph at lines 262--262
 []  \T1/zi4/m/n/10 classifier = c("logistic", "knn", "randomforest", "tree", "
neuralnet", "svm", "lda",[] 

Overfull \hbox (6.54715pt too wide) in paragraph at lines 288--289
[]\T1/ptm/m/n/10 logistic: multi-no-mial lo-gis-tic re-gres-sion, which is im-p
le-mented via [][]\T1/zi4/m/n/10 multinom[][][]
[6]
Overfull \hbox (5.31715pt too wide) in paragraph at lines 297--298
[]\T1/ptm/m/n/10 nnb: naive Bayes clas-si-fier with non-parametric-estimated ma
rginals (kernel-
[7]
Overfull \hbox (9.73488pt too wide) in paragraph at lines 367--367
 []\T1/zi4/m/n/9 fit.npmc.CX <- try(npcs(x, y, algorithm = "CX", classifier = "
logistic", w = w, alpha = alpha))[] 

Overfull \hbox (5.23488pt too wide) in paragraph at lines 368--368
 []\T1/zi4/m/n/9 fit.npmc.ER <- try(npcs(x, y, algorithm = "ER", classifier = "
logistic", w = w, alpha = alpha,[] 
[8]
(/private/var/folders/br/__1r79tx5q17n3l5pb8w688c0000gn/T/Rtmp6rLNBw/Rd2pdf38bc
6b25a463/Rd2.ind [9] [10])
(/private/var/folders/br/__1r79tx5q17n3l5pb8w688c0000gn/T/Rtmp6rLNBw/Rd2pdf38bc
6b25a463/Rd2.aux)

Package rerunfilecheck Warning: File `Rd2.out' has changed.
(rerunfilecheck)                Rerun to get outlines right
(rerunfilecheck)                or use package `bookmark'.

 )
(see the transcript file for additional information)pdfTeX warning (dest): name
{Rfn.nmkb} has been referenced but does not exist, replaced by a fixed one

pdfTeX warning (dest): name{Rfn.hjkb} has been referenced but does not exist, r
eplaced by a fixed one

pdfTeX warning (dest): name{Rfn.nonparametric.Rul.naive.Rul.bayes} has been ref
erenced but does not exist, replaced by a fixed one

pdfTeX warning (dest): name{Rfn.naiveBayes} has been referenced but does not ex
ist, replaced by a fixed one

pdfTeX warning (dest): name{Rfn.qda} has been referenced but does not exist, re
placed by a fixed one

pdfTeX warning (dest): name{Rfn.lda} has been referenced but does not exist, re
placed by a fixed one

pdfTeX warning (dest): name{Rfn.svm} has been referenced but does not exist, re
placed by a fixed one

pdfTeX warning (dest): name{Rfn.nnet} has been referenced but does not exist, r
eplaced by a fixed one

pdfTeX warning (dest): name{Rfn.rpart} has been referenced but does not exist, 
replaced by a fixed one

pdfTeX warning (dest): name{Rfn.randomForest} has been referenced but does not 
exist, replaced by a fixed one

pdfTeX warning (dest): name{Rfn.knn3} has been referenced but does not exist, r
eplaced by a fixed one

pdfTeX warning (dest): name{Rfn.multinom} has been referenced but does not exis
t, replaced by a fixed one

{/usr/local/texlive/2019/texmf-dist/fonts/enc/dvips/inconsolata/i4-ts1.enc}{/us
r/local/texlive/2019/texmf-dist/fonts/enc/dvips/base/8r.enc}{/usr/local/texlive
/2019/texmf-dist/fonts/enc/dvips/inconsolata/i4-t1-0.enc}</usr/local/texlive/20
19/texmf-dist/fonts/type1/public/inconsolata/Inconsolata-zi4r.pfb></usr/local/t
exlive/2019/texmf-dist/fonts/type1/urw/helvetic/uhvr8a.pfb></usr/local/texlive/
2019/texmf-dist/fonts/type1/urw/times/utmb8a.pfb></usr/local/texlive/2019/texmf
-dist/fonts/type1/urw/times/utmr8a.pfb></usr/local/texlive/2019/texmf-dist/font
s/type1/urw/times/utmr8a.pfb></usr/local/texlive/2019/texmf-dist/fonts/type1/ur
w/times/utmri8a.pfb>
Output written on Rd2.pdf (10 pages, 103117 bytes).
Transcript written on Rd2.log.
This is makeindex, version 2.15 [TeX Live 2019] (kpathsea + Thai support).
Scanning input file Rd2.idx....done (39 entries accepted, 0 rejected).
Sorting entries....done (218 comparisons).
Generating output file Rd2.ind....done (62 lines written, 0 warnings).
Output written in Rd2.ind.
Transcript written in Rd2.ilg.
This is pdfTeX, Version 3.14159265-2.6-1.40.20 (TeX Live 2019) (preloaded format=pdflatex)
 restricted \write18 enabled.
entering extended mode
LaTeX2e <2018-12-01>

(./Rd2.tex
(/usr/local/texlive/2019/texmf-dist/tex/latex/base/book.cls
Document Class: book 2018/09/03 v1.4i Standard LaTeX document class
(/usr/local/texlive/2019/texmf-dist/tex/latex/base/bk10.clo))
(/Library/Frameworks/R.framework/Resources/share/texmf/tex/latex/Rd.sty
(/usr/local/texlive/2019/texmf-dist/tex/latex/base/ifthen.sty)
(/usr/local/texlive/2019/texmf-dist/tex/latex/tools/longtable.sty)
(/usr/local/texlive/2019/texmf-dist/tex/latex/tools/bm.sty)
(/usr/local/texlive/2019/texmf-dist/tex/latex/base/alltt.sty)
(/usr/local/texlive/2019/texmf-dist/tex/latex/tools/verbatim.sty)
(/usr/local/texlive/2019/texmf-dist/tex/latex/url/url.sty)
(/usr/local/texlive/2019/texmf-dist/tex/latex/base/textcomp.sty
(/usr/local/texlive/2019/texmf-dist/tex/latex/base/ts1enc.def
(/usr/local/texlive/2019/texmf-dist/tex/latex/base/ts1enc.dfu)))
(/usr/local/texlive/2019/texmf-dist/tex/latex/base/fontenc.sty
(/usr/local/texlive/2019/texmf-dist/tex/latex/base/t1enc.def))
(/usr/local/texlive/2019/texmf-dist/tex/latex/psnfss/times.sty)
(/usr/local/texlive/2019/texmf-dist/tex/latex/inconsolata/zi4.sty
`inconsolata-zi4' v1.112, 2017/01/04 Text macros for Inconsolata (msharpe)
(/usr/local/texlive/2019/texmf-dist/tex/latex/xkeyval/xkeyval.sty
(/usr/local/texlive/2019/texmf-dist/tex/generic/xkeyval/xkeyval.tex
(/usr/local/texlive/2019/texmf-dist/tex/generic/xkeyval/xkvutils.tex
(/usr/local/texlive/2019/texmf-dist/tex/generic/xkeyval/keyval.tex)))))
(/usr/local/texlive/2019/texmf-dist/tex/latex/graphics/color.sty
(/usr/local/texlive/2019/texmf-dist/tex/latex/graphics-cfg/color.cfg)
(/usr/local/texlive/2019/texmf-dist/tex/latex/graphics-def/pdftex.def))
(/usr/local/texlive/2019/texmf-dist/tex/latex/hyperref/hyperref.sty
(/usr/local/texlive/2019/texmf-dist/tex/generic/oberdiek/hobsub-hyperref.sty
(/usr/local/texlive/2019/texmf-dist/tex/generic/oberdiek/hobsub-generic.sty))
(/usr/local/texlive/2019/texmf-dist/tex/generic/ifxetex/ifxetex.sty)
(/usr/local/texlive/2019/texmf-dist/tex/latex/oberdiek/auxhook.sty)
(/usr/local/texlive/2019/texmf-dist/tex/latex/oberdiek/kvoptions.sty)
(/usr/local/texlive/2019/texmf-dist/tex/latex/hyperref/pd1enc.def)
(/usr/local/texlive/2019/texmf-dist/tex/latex/latexconfig/hyperref.cfg))
(/usr/local/texlive/2019/texmf-dist/tex/latex/hyperref/hpdftex.def
(/usr/local/texlive/2019/texmf-dist/tex/latex/oberdiek/rerunfilecheck.sty))

Package hyperref Warning: Option `hyperindex' has already been used,
(hyperref)                setting the option has no effect on input line 377.


Package hyperref Warning: Option `pagebackref' has already been used,
(hyperref)                setting the option has no effect on input line 377.

) (/usr/local/texlive/2019/texmf-dist/tex/latex/base/makeidx.sty)
(/usr/local/texlive/2019/texmf-dist/tex/latex/base/inputenc.sty)
Writing index file Rd2.idx

(/private/var/folders/br/__1r79tx5q17n3l5pb8w688c0000gn/T/Rtmp6rLNBw/Rd2pdf38bc
6b25a463/Rd2.aux) (/usr/local/texlive/2019/texmf-dist/tex/latex/base/ts1cmr.fd)
(/usr/local/texlive/2019/texmf-dist/tex/latex/psnfss/t1ptm.fd)
(/usr/local/texlive/2019/texmf-dist/tex/context/base/mkii/supp-pdf.mkii
[Loading MPS to PDF converter (version 2006.09.02).]
) (/usr/local/texlive/2019/texmf-dist/tex/latex/hyperref/nameref.sty
(/usr/local/texlive/2019/texmf-dist/tex/generic/oberdiek/gettitlestring.sty))
(/private/var/folders/br/__1r79tx5q17n3l5pb8w688c0000gn/T/Rtmp6rLNBw/Rd2pdf38bc
6b25a463/Rd2.out)
(/private/var/folders/br/__1r79tx5q17n3l5pb8w688c0000gn/T/Rtmp6rLNBw/Rd2pdf38bc
6b25a463/Rd2.out)
(/usr/local/texlive/2019/texmf-dist/tex/latex/psnfss/ts1ptm.fd)
(/usr/local/texlive/2019/texmf-dist/tex/latex/inconsolata/t1zi4.fd)
(/usr/local/texlive/2019/texmf-dist/tex/latex/psnfss/t1phv.fd)
(/private/var/folders/br/__1r79tx5q17n3l5pb8w688c0000gn/T/Rtmp6rLNBw/Rd2pdf38bc
6b25a463/Rd2.toc) [1{/usr/local/texlive/2019/texmf-var/fonts/map/pdftex/updmap/
pdftex.map}]
(/usr/local/texlive/2019/texmf-dist/tex/latex/inconsolata/ts1zi4.fd)
Overfull \hbox (9.73488pt too wide) in paragraph at lines 89--89
 []\T1/zi4/m/n/9 fit.npmc.CX <- try(npcs(x, y, algorithm = "CX", classifier = "
logistic", w = w, alpha = alpha))[] 

Overfull \hbox (5.23488pt too wide) in paragraph at lines 90--90
 []\T1/zi4/m/n/9 fit.npmc.ER <- try(npcs(x, y, algorithm = "ER", classifier = "
logistic", w = w, alpha = alpha,[] 
[2]
Underfull \hbox (badness 10000) in paragraph at lines 108--108
[]\T1/ptm/m/it/10 Gamma-synthetic mi-nor-ity over-sampling tech-nique (gamma-
[3]
Overfull \hbox (9.73488pt too wide) in paragraph at lines 166--166
 []\T1/zi4/m/n/9 fit.npmc.CX <- try(npcs(x, y, algorithm = "CX", classifier = "
logistic", w = w, alpha = alpha))[] 

Overfull \hbox (5.23488pt too wide) in paragraph at lines 167--167
 []\T1/zi4/m/n/9 fit.npmc.ER <- try(npcs(x, y, algorithm = "ER", classifier = "
logistic", w = w, alpha = alpha,[] 

Overfull \hbox (27.74408pt too wide) in paragraph at lines 185--185
 []\T1/zi4/m/n/9 ## try NPMC-CX, NPMC-ER based on multinomial logistic regressi
on, and vanilla multinomial logistic[] 

Overfull \hbox (9.73488pt too wide) in paragraph at lines 187--187
 []\T1/zi4/m/n/9 fit.npmc.CX <- try(npcs(x, y, algorithm = "CX", classifier = "
logistic", w = w, alpha = alpha))[] 

Overfull \hbox (5.23488pt too wide) in paragraph at lines 188--188
 []\T1/zi4/m/n/9 fit.npmc.ER <- try(npcs(x, y, algorithm = "ER", classifier = "
logistic", w = w, alpha = alpha,[] 
[4] [5]
Overfull \hbox (18.08014pt too wide) in paragraph at lines 262--262
 []  \T1/zi4/m/n/10 classifier = c("logistic", "knn", "randomforest", "tree", "
neuralnet", "svm", "lda",[] 

Overfull \hbox (6.54715pt too wide) in paragraph at lines 288--289
[]\T1/ptm/m/n/10 logistic: multi-no-mial lo-gis-tic re-gres-sion, which is im-p
le-mented via [][]\T1/zi4/m/n/10 multinom[][][]
[6]
Overfull \hbox (5.31715pt too wide) in paragraph at lines 297--298
[]\T1/ptm/m/n/10 nnb: naive Bayes clas-si-fier with non-parametric-estimated ma
rginals (kernel-
[7]
Overfull \hbox (9.73488pt too wide) in paragraph at lines 367--367
 []\T1/zi4/m/n/9 fit.npmc.CX <- try(npcs(x, y, algorithm = "CX", classifier = "
logistic", w = w, alpha = alpha))[] 

Overfull \hbox (5.23488pt too wide) in paragraph at lines 368--368
 []\T1/zi4/m/n/9 fit.npmc.ER <- try(npcs(x, y, algorithm = "ER", classifier = "
logistic", w = w, alpha = alpha,[] 
[8]
(/private/var/folders/br/__1r79tx5q17n3l5pb8w688c0000gn/T/Rtmp6rLNBw/Rd2pdf38bc
6b25a463/Rd2.ind [9] [10])
(/private/var/folders/br/__1r79tx5q17n3l5pb8w688c0000gn/T/Rtmp6rLNBw/Rd2pdf38bc
6b25a463/Rd2.aux) )
(see the transcript file for additional information)pdfTeX warning (dest): name
{Rfn.nmkb} has been referenced but does not exist, replaced by a fixed one

pdfTeX warning (dest): name{Rfn.hjkb} has been referenced but does not exist, r
eplaced by a fixed one

pdfTeX warning (dest): name{Rfn.nonparametric.Rul.naive.Rul.bayes} has been ref
erenced but does not exist, replaced by a fixed one

pdfTeX warning (dest): name{Rfn.naiveBayes} has been referenced but does not ex
ist, replaced by a fixed one

pdfTeX warning (dest): name{Rfn.qda} has been referenced but does not exist, re
placed by a fixed one

pdfTeX warning (dest): name{Rfn.lda} has been referenced but does not exist, re
placed by a fixed one

pdfTeX warning (dest): name{Rfn.svm} has been referenced but does not exist, re
placed by a fixed one

pdfTeX warning (dest): name{Rfn.nnet} has been referenced but does not exist, r
eplaced by a fixed one

pdfTeX warning (dest): name{Rfn.rpart} has been referenced but does not exist, 
replaced by a fixed one

pdfTeX warning (dest): name{Rfn.randomForest} has been referenced but does not 
exist, replaced by a fixed one

pdfTeX warning (dest): name{Rfn.knn3} has been referenced but does not exist, r
eplaced by a fixed one

pdfTeX warning (dest): name{Rfn.multinom} has been referenced but does not exis
t, replaced by a fixed one

{/usr/local/texlive/2019/texmf-dist/fonts/enc/dvips/inconsolata/i4-ts1.enc}{/us
r/local/texlive/2019/texmf-dist/fonts/enc/dvips/base/8r.enc}{/usr/local/texlive
/2019/texmf-dist/fonts/enc/dvips/inconsolata/i4-t1-0.enc}</usr/local/texlive/20
19/texmf-dist/fonts/type1/public/inconsolata/Inconsolata-zi4r.pfb></usr/local/t
exlive/2019/texmf-dist/fonts/type1/urw/helvetic/uhvr8a.pfb></usr/local/texlive/
2019/texmf-dist/fonts/type1/urw/times/utmb8a.pfb></usr/local/texlive/2019/texmf
-dist/fonts/type1/urw/times/utmr8a.pfb></usr/local/texlive/2019/texmf-dist/font
s/type1/urw/times/utmr8a.pfb></usr/local/texlive/2019/texmf-dist/fonts/type1/ur
w/times/utmri8a.pfb>
Output written on Rd2.pdf (10 pages, 103574 bytes).
Transcript written on Rd2.log.
Saving output to ‘npcs-manual.pdf’ ...
Done
You may want to clean up by 'rm -Rf /var/folders/br/__1r79tx5q17n3l5pb8w688c0000gn/T//Rtmp6rLNBw/Rd2pdf38bc6b25a463'
